<?xml version="1.0" encoding="UTF-8"?>
<!-- Generated by org.testng.reporters.JUnitXMLReporter -->
<testsuite ignored="2" hostname="DESKTOP-6UL5C5D" failures="0" tests="2" name="Test1" time="0.095" errors="0" timestamp="2021-02-17T14:28:25 GMT">
  <testcase classname="Practice_Testng.Grouping" name="Sanity2" time="0.012"/>
  <testcase classname="Practice_Testng.Grouping" name="Smoke" time="0.002"/>
  <testcase classname="Practice_Testng.Grouping" name="Regression" time="0.0">
    <ignored/>
  </testcase> <!-- Regression -->
  <testcase classname="Practice_Testng.Grouping" name="Sanity" time="0.0">
    <ignored/>
  </testcase> <!-- Sanity -->
</testsuite> <!-- Test1 -->
