<?xml version="1.0" encoding="UTF-8"?>
<testng-results ignored="0" total="3" passed="3" failed="0" skipped="0">
  <reporter-output>
  </reporter-output>
  <suite started-at="2021-05-09T00:52:26 IST" name="Default suite" finished-at="2021-05-09T00:52:26 IST" duration-ms="140">
    <groups>
    </groups>
    <test started-at="2021-05-09T00:52:26 IST" name="Default test" finished-at="2021-05-09T00:52:26 IST" duration-ms="140">
      <class name="Practice_Testng.DataProvider">
        <test-method signature="loginTest(java.lang.String, java.lang.String)[pri:0, instance:Practice_Testng.DataProvider@124c278f]" started-at="2021-05-09T00:52:26 IST" name="loginTest" data-provider="login" finished-at="2021-05-09T00:52:26 IST" duration-ms="21" status="PASS">
          <params>
            <param index="0">
              <value>
                <![CDATA[Pankaj]]>
              </value>
            </param>
            <param index="1">
              <value>
                <![CDATA[pass1]]>
              </value>
            </param>
          </params>
          <reporter-output>
          </reporter-output>
        </test-method> <!-- loginTest -->
        <test-method signature="loginTest(java.lang.String, java.lang.String)[pri:0, instance:Practice_Testng.DataProvider@124c278f]" started-at="2021-05-09T00:52:26 IST" name="loginTest" data-provider="login" finished-at="2021-05-09T00:52:26 IST" duration-ms="8" status="PASS">
          <params>
            <param index="0">
              <value>
                <![CDATA[akshu]]>
              </value>
            </param>
            <param index="1">
              <value>
                <![CDATA[ak11]]>
              </value>
            </param>
          </params>
          <reporter-output>
          </reporter-output>
        </test-method> <!-- loginTest -->
        <test-method signature="loginTest(java.lang.String, java.lang.String)[pri:0, instance:Practice_Testng.DataProvider@124c278f]" started-at="2021-05-09T00:52:26 IST" name="loginTest" data-provider="login" finished-at="2021-05-09T00:52:26 IST" duration-ms="2" status="PASS">
          <params>
            <param index="0">
              <value>
                <![CDATA[harsha]]>
              </value>
            </param>
            <param index="1">
              <value>
                <![CDATA[harsh12]]>
              </value>
            </param>
          </params>
          <reporter-output>
          </reporter-output>
        </test-method> <!-- loginTest -->
      </class> <!-- Practice_Testng.DataProvider -->
    </test> <!-- Default test -->
  </suite> <!-- Default suite -->
</testng-results>
