<?xml version="1.0" encoding="UTF-8"?>
<!-- Generated by org.testng.reporters.JUnitXMLReporter -->
<testsuite ignored="2" hostname="DESKTOP-6UL5C5D" failures="0" tests="2" name="Test2" time="0.091" errors="0" timestamp="2021-05-03T11:30:10 IST">
  <testcase classname="Practice_Testng.Grouping" name="Regression" time="0.016"/>
  <testcase classname="Practice_Testng.Grouping" name="Sanity" time="0.003"/>
  <testcase classname="Practice_Testng.Grouping" name="Sanity2" time="0.0">
    <ignored/>
  </testcase> <!-- Sanity2 -->
  <testcase classname="Practice_Testng.Grouping" name="Smoke" time="0.0">
    <ignored/>
  </testcase> <!-- Smoke -->
</testsuite> <!-- Test2 -->
