<?xml version="1.0" encoding="UTF-8"?>
<!-- Generated by org.testng.reporters.JUnitXMLReporter -->
<testsuite ignored="0" hostname="DESKTOP-6UL5C5D" failures="0" tests="3" name="Default test" time="0.14" errors="0" timestamp="2021-05-09T00:52:26 IST">
  <testcase classname="Practice_Testng.DataProvider" name="loginTest" time="0.021"/>
  <testcase classname="Practice_Testng.DataProvider" name="loginTest" time="0.008"/>
  <testcase classname="Practice_Testng.DataProvider" name="loginTest" time="0.002"/>
</testsuite> <!-- Default test -->
